<?xml version="1.0" encoding="UTF-8"?>
<!-- Generated by org.testng.reporters.JUnitXMLReporter -->
<testsuite ignored="1" hostname="DESKTOP-TNMV2Q3" failures="0" tests="2" name="First test" time="27.403" errors="0" timestamp="2024-10-19T16:05:24 IST">
  <testcase classname="com.StarAgileTestNGdemos.D05AmazonAssignment" name="testBestSellor" time="5.621"/>
  <testcase classname="com.StarAgileTestNGdemos.D05AmazonAssignment" name="testTodaysDeal" time="6.859"/>
  <testcase classname="com.StarAgileTestNGdemos.D05AmazonAssignment" name="testBuyAgain" time="0.0">
    <ignored/>
  </testcase> <!-- testBuyAgain -->
</testsuite> <!-- First test -->
