<?xml version="1.0" encoding="UTF-8"?>
<!-- Generated by org.testng.reporters.JUnitXMLReporter -->
<testsuite ignored="1" hostname="DESKTOP-TNMV2Q3" failures="0" tests="1" name="Default test" time="0.789" errors="0" timestamp="2024-08-30T16:05:54 IST">
  <testcase classname="com.TestNGdemos.D13ReadDataFromExcel" name="ReadAllData" time="0.021"/>
  <testcase classname="com.TestNGdemos.D13ReadDataFromExcel" name="ReadData" time="0.0">
    <ignored/>
  </testcase> <!-- ReadData -->
</testsuite> <!-- Default test -->
