<?xml version="1.0" encoding="UTF-8"?>
<!-- Generated by org.testng.reporters.JUnitXMLReporter -->
<testsuite ignored="0" hostname="DESKTOP-TNMV2Q3" failures="0" tests="4" name="Default test" time="44.017" errors="0" timestamp="2024-11-06T20:56:48 IST">
  <testcase classname="com.StarAgileTestNGdemos.D14OhrmLoginFromData" name="OHrmlogin" time="4.86"/>
  <testcase classname="com.StarAgileTestNGdemos.D14OhrmLoginFromData" name="OHrmlogin" time="3.009"/>
  <testcase classname="com.StarAgileTestNGdemos.D14OhrmLoginFromData" name="OHrmlogin" time="2.787"/>
  <testcase classname="com.StarAgileTestNGdemos.D14OhrmLoginFromData" name="OHrmlogin" time="1.191"/>
</testsuite> <!-- Default test -->
