<?xml version="1.0" encoding="UTF-8"?>
<testng-results ignored="1" total="2" passed="1" failed="0" skipped="0">
  <reporter-output>
  </reporter-output>
  <suite started-at="2024-08-30T16:05:54 IST" name="Default suite" finished-at="2024-08-30T16:05:54 IST" duration-ms="789">
    <groups>
    </groups>
    <test started-at="2024-08-30T16:05:54 IST" name="Default test" finished-at="2024-08-30T16:05:54 IST" duration-ms="789">
      <class name="com.TestNGdemos.D13ReadDataFromExcel">
        <test-method is-config="true" signature="beforeTest()[pri:0, instance:com.TestNGdemos.D13ReadDataFromExcel@35ef1869]" started-at="2024-08-30T16:05:54 IST" name="beforeTest" finished-at="2024-08-30T16:05:54 IST" duration-ms="730" status="PASS">
          <reporter-output>
          </reporter-output>
        </test-method> <!-- beforeTest -->
        <test-method signature="ReadAllData()[pri:0, instance:com.TestNGdemos.D13ReadDataFromExcel@35ef1869]" started-at="2024-08-30T16:05:54 IST" name="ReadAllData" finished-at="2024-08-30T16:05:54 IST" duration-ms="21" status="PASS">
          <reporter-output>
          </reporter-output>
        </test-method> <!-- ReadAllData -->
        <test-method is-config="true" signature="afterTest()[pri:0, instance:com.TestNGdemos.D13ReadDataFromExcel@35ef1869]" started-at="2024-08-30T16:05:54 IST" name="afterTest" finished-at="2024-08-30T16:05:54 IST" duration-ms="0" status="PASS">
          <reporter-output>
          </reporter-output>
        </test-method> <!-- afterTest -->
      </class> <!-- com.TestNGdemos.D13ReadDataFromExcel -->
    </test> <!-- Default test -->
  </suite> <!-- Default suite -->
</testng-results>
