<?xml version="1.0" encoding="UTF-8"?>
<testng-results ignored="1" total="2" passed="1" failed="0" skipped="0">
  <reporter-output>
  </reporter-output>
  <suite started-at="2024-10-23T00:46:08 IST" name="Default suite" finished-at="2024-10-23T00:46:09 IST" duration-ms="800">
    <groups>
    </groups>
    <test started-at="2024-10-23T00:46:08 IST" name="Default test" finished-at="2024-10-23T00:46:09 IST" duration-ms="800">
      <class name="com.StarAgileTestNGdemos.D133ReadDataFromEXCEL">
        <test-method is-config="true" signature="beforeTest()[pri:0, instance:com.StarAgileTestNGdemos.D133ReadDataFromEXCEL@659499f1]" started-at="2024-10-23T00:46:08 IST" name="beforeTest" finished-at="2024-10-23T00:46:09 IST" duration-ms="753" status="PASS">
          <reporter-output>
          </reporter-output>
        </test-method> <!-- beforeTest -->
        <test-method signature="readAllData()[pri:0, instance:com.StarAgileTestNGdemos.D133ReadDataFromEXCEL@659499f1]" started-at="2024-10-23T00:46:09 IST" name="readAllData" finished-at="2024-10-23T00:46:09 IST" duration-ms="15" status="PASS">
          <reporter-output>
          </reporter-output>
        </test-method> <!-- readAllData -->
        <test-method is-config="true" signature="afterTest()[pri:0, instance:com.StarAgileTestNGdemos.D133ReadDataFromEXCEL@659499f1]" started-at="2024-10-23T00:46:09 IST" name="afterTest" finished-at="2024-10-23T00:46:09 IST" duration-ms="0" status="PASS">
          <reporter-output>
          </reporter-output>
        </test-method> <!-- afterTest -->
      </class> <!-- com.StarAgileTestNGdemos.D133ReadDataFromEXCEL -->
    </test> <!-- Default test -->
  </suite> <!-- Default suite -->
</testng-results>
